<?xml version="1.0" encoding="UTF-8"?>
<!-- Generated by org.testng.reporters.JUnitReportReporter -->
<testsuite hostname="DESKTOP-NIQ6NDK" failures="0" tests="1" name="com.cafe.Login" time="12.545" errors="0" timestamp="14 Apr 2019 21:15:23 GMT" skipped="0">
  <testcase classname="com.cafe.Login" name="LoginTest" time="12.545"/>
</testsuite> <!-- com.cafe.Login -->
