<?xml version="1.0" encoding="UTF-8"?>
<!-- Generated by org.testng.reporters.JUnitReportReporter -->
<testsuite hostname="DESKTOP-NIQ6NDK" failures="0" tests="1" name="com.cafe.Create" time="9.495" errors="0" timestamp="15 Apr 2019 20:54:09 GMT" skipped="0">
  <testcase classname="com.cafe.Create" name="CreateCustomer" time="9.495"/>
</testsuite> <!-- com.cafe.Create -->
