<?xml version="1.0" encoding="UTF-8"?>
<!-- Generated by org.testng.reporters.JUnitReportReporter -->
<testsuite hostname="DESKTOP-NIQ6NDK" failures="0" tests="1" name="com.cafe.Login" time="12.398" errors="0" timestamp="15 Apr 2019 21:23:53 GMT" skipped="0">
  <testcase classname="com.cafe.Login" name="LoginTest" time="12.398"/>
</testsuite> <!-- com.cafe.Login -->
