<?xml version="1.0" encoding="UTF-8"?>
<!-- Generated by org.testng.reporters.JUnitReportReporter -->
<testsuite hostname="DESKTOP-NIQ6NDK" failures="0" tests="1" name="com.cafe.Create" time="12.205" errors="0" timestamp="15 Apr 2019 21:23:53 GMT" skipped="0">
  <testcase classname="com.cafe.Create" name="CreateCustomer" time="12.205"/>
</testsuite> <!-- com.cafe.Create -->
